<configuration>

    <conversionRule conversionWord="coloredLevel" converterClass="play.api.Logger$ColoredLevel" />

    <appender name="STDOUT" class="ch.qos.logback.core.ConsoleAppender">
        <encoder>
            <pattern>%coloredLevel %logger{15} - %message%n%xException{5}</pattern>
        </encoder>
    </appender>

    <logger name="play" level="OFF" />
    <logger name="application" level="OFF" />
    <logger name="Migrations" level="OFF" />
    <logger name="Elasticsearch" level="OFF" />
    <logger name="Offer" level="OFF" />
    <logger name="Demand" level="OFF" />

    <root level="ERROR">
        <appender-ref ref="STDOUT" />
    </root>
</configuration>